[ 2015-12-28T16:02:53+08:00 ] ::1 /project/test/
ERR: Think\Controller:show方法不存在！

[ 2015-12-28T16:27:09+08:00 ] ::1 /project/test/
NOTIC: [4096] Object of class Home\Controller\IndexController could not be converted to string D:\Program Files (x86)\wamp\www\project\test\App\Home\Controller\IndexController.class.php 第 6 行.

[ 2015-12-28T16:27:10+08:00 ] ::1 /project/test/
NOTIC: [4096] Object of class Home\Controller\IndexController could not be converted to string D:\Program Files (x86)\wamp\www\project\test\App\Home\Controller\IndexController.class.php 第 6 行.

[ 2015-12-28T16:27:20+08:00 ] ::1 /project/test/
NOTIC: [8] Use of undefined constant Controller - assumed 'Controller' D:\Program Files (x86)\wamp\www\project\test\App\Home\Controller\IndexController.class.php 第 6 行.

[ 2015-12-28T16:27:21+08:00 ] ::1 /project/test/
NOTIC: [8] Use of undefined constant Controller - assumed 'Controller' D:\Program Files (x86)\wamp\www\project\test\App\Home\Controller\IndexController.class.php 第 6 行.

[ 2015-12-28T16:29:58+08:00 ] ::1 /project/test/
NOTIC: [8] Use of undefined constant Controller - assumed 'Controller' D:\Program Files (x86)\wamp\www\project\test\App\Home\Controller\IndexController.class.php 第 6 行.

[ 2015-12-28T16:30:22+08:00 ] ::1 /project/test/
NOTIC: [8] Use of undefined constant ajaxReturn - assumed 'ajaxReturn' D:\Program Files (x86)\wamp\www\project\test\App\Home\Controller\IndexController.class.php 第 6 行.

[ 2015-12-28T16:30:34+08:00 ] ::1 /project/test/
NOTIC: [8] Undefined property: Home\Controller\IndexController::$ajaxReturn D:\Program Files (x86)\wamp\www\project\test\App\Home\Controller\IndexController.class.php 第 6 行.

[ 2015-12-28T16:31:52+08:00 ] ::1 /project/test/
NOTIC: [2] Missing argument 1 for Think\Controller::ajaxReturn(), called in D:\Program Files (x86)\wamp\www\project\test\App\Home\Controller\IndexController.class.php on line 6 and defined D:\Program Files (x86)\wamp\www\project\test\ThinkPHP\Mode\Api\Controller.class.php 第 55 行.
NOTIC: [8] Undefined variable: data D:\Program Files (x86)\wamp\www\project\test\ThinkPHP\Mode\Api\Controller.class.php 第 61 行.

[ 2015-12-28T16:31:52+08:00 ] ::1 /project/test/
NOTIC: [2] Missing argument 1 for Think\Controller::ajaxReturn(), called in D:\Program Files (x86)\wamp\www\project\test\App\Home\Controller\IndexController.class.php on line 6 and defined D:\Program Files (x86)\wamp\www\project\test\ThinkPHP\Mode\Api\Controller.class.php 第 55 行.
NOTIC: [8] Undefined variable: data D:\Program Files (x86)\wamp\www\project\test\ThinkPHP\Mode\Api\Controller.class.php 第 61 行.

