[ 2015-12-31T08:40:10+08:00 ] 10.7.10.32 /project/test/index.php/sync
SQL: SHOW COLUMNS FROM `bill` [ RunTime:0.0323s ]

[ 2015-12-31T10:34:57+08:00 ] 10.7.10.32 /project/test/index.php/sync
SQL: SHOW COLUMNS FROM `bill` [ RunTime:0.3620s ]
SQL: INSERT INTO `bill` (`bill_id`,`isincome`,`money`,`date`,`remark`,`isdelete`,`isupdate`,`category_id`) VALUES ('785BFE628D4FC1F4','0','123','2015-12-31','浪费','0','0','4346650736606024') [ RunTime:0.4447s ]
SQL: INSERT INTO `bill` (`bill_id`,`isincome`,`money`,`date`,`remark`,`isdelete`,`isupdate`,`category_id`) VALUES ('601620CEBCB8BEB5','0','225','2015-12-31','修车','0','0','6077531621672236') [ RunTime:0.0535s ]

[ 2015-12-31T10:35:19+08:00 ] 10.7.10.32 /project/test/index.php/sync
SQL: SHOW COLUMNS FROM `bill` [ RunTime:0.0045s ]
ERR: 1062:Duplicate entry '785BFE628D4FC1F4' for key 'PRIMARY'
 [ SQL语句 ] : INSERT INTO `bill` (`bill_id`,`isincome`,`money`,`date`,`remark`,`isdelete`,`isupdate`,`category_id`) VALUES ('785BFE628D4FC1F4','0','123','2015-12-31','浪费','0','0','4346650736606024')
ERR: 1062:Duplicate entry '785BFE628D4FC1F4' for key 'PRIMARY'
 [ SQL语句 ] : INSERT INTO `bill` (`bill_id`,`isincome`,`money`,`date`,`remark`,`isdelete`,`isupdate`,`category_id`) VALUES ('785BFE628D4FC1F4','0','123','2015-12-31','浪费','0','0','4346650736606024')

[ 2015-12-31T10:36:52+08:00 ] 10.7.10.32 /project/test/index.php/sync
SQL: SHOW COLUMNS FROM `bill` [ RunTime:0.0043s ]
SQL: INSERT INTO `bill` (`bill_id`,`isincome`,`money`,`date`,`remark`,`isdelete`,`isupdate`,`category_id`) VALUES ('785BFE628D4FC1F4','0','123','2015-12-31','浪费','0','0','4346650736606024') [ RunTime:0.0750s ]
SQL: INSERT INTO `bill` (`bill_id`,`isincome`,`money`,`date`,`remark`,`isdelete`,`isupdate`,`category_id`) VALUES ('601620CEBCB8BEB5','0','225','2015-12-31','修车','0','0','6077531621672236') [ RunTime:0.0431s ]

[ 2015-12-31T10:43:18+08:00 ] 10.7.10.32 /project/test/index.php/sync
SQL: SHOW COLUMNS FROM `bill` [ RunTime:0.0041s ]
SQL: INSERT INTO `bill` (`bill_id`,`isincome`,`money`,`date`,`remark`,`isdelete`,`isupdate`,`category_id`) VALUES ('785BFE628D4FC1F4','0','123','2015-12-31','浪费','0','0','4346650736606024') [ RunTime:0.1107s ]
SQL: INSERT INTO `bill` (`bill_id`,`isincome`,`money`,`date`,`remark`,`isdelete`,`isupdate`,`category_id`) VALUES ('601620CEBCB8BEB5','0','225','2015-12-31','修车','0','0','6077531621672236') [ RunTime:0.0435s ]

[ 2015-12-31T11:02:30+08:00 ] 10.7.10.32 /project/test/index.php/sync
SQL: SHOW COLUMNS FROM `bill` [ RunTime:0.0041s ]
SQL: INSERT INTO `bill` (`bill_id`,`isincome`,`money`,`date`,`remark`,`isdelete`,`isupdate`,`category_id`) VALUES ('785BFE628D4FC1F4','0','123','2015-12-31','浪费','0','0','4346650736606024') [ RunTime:0.2005s ]
SQL: INSERT INTO `bill` (`bill_id`,`isincome`,`money`,`date`,`remark`,`isdelete`,`isupdate`,`category_id`) VALUES ('601620CEBCB8BEB5','0','225','2015-12-31','修车','0','0','6077531621672236') [ RunTime:0.3658s ]

[ 2015-12-31T11:05:00+08:00 ] 10.7.10.32 /project/test/index.php/sync
SQL: SHOW COLUMNS FROM `bill` [ RunTime:0.0038s ]
SQL: INSERT INTO `bill` (`bill_id`,`isincome`,`money`,`date`,`remark`,`isdelete`,`isupdate`,`category_id`) VALUES ('785BFE628D4FC1F4','0','123','2015-12-31','浪费','0','0','4346650736606024') [ RunTime:0.1781s ]
SQL: INSERT INTO `bill` (`bill_id`,`isincome`,`money`,`date`,`remark`,`isdelete`,`isupdate`,`category_id`) VALUES ('601620CEBCB8BEB5','0','225','2015-12-31','修车','0','0','6077531621672236') [ RunTime:0.0900s ]

[ 2015-12-31T11:20:20+08:00 ] 10.7.10.32 /project/test/index.php/sync
SQL: SHOW COLUMNS FROM `bill` [ RunTime:0.0044s ]
SQL: INSERT INTO `bill` (`bill_id`,`isincome`,`money`,`date`,`remark`,`isdelete`,`isupdate`,`category_id`) VALUES ('785BFE628D4FC1F4','0','123','2015-12-31','浪费','0','0','4346650736606024') [ RunTime:0.1282s ]
SQL: INSERT INTO `bill` (`bill_id`,`isincome`,`money`,`date`,`remark`,`isdelete`,`isupdate`,`category_id`) VALUES ('601620CEBCB8BEB5','0','225','2015-12-31','修车','0','0','6077531621672236') [ RunTime:0.0657s ]

[ 2015-12-31T11:20:32+08:00 ] 10.7.10.32 /project/test/index.php/sync
SQL: SHOW COLUMNS FROM `bill` [ RunTime:0.0043s ]
ERR: 1062:Duplicate entry '785BFE628D4FC1F4' for key 'PRIMARY'
 [ SQL语句 ] : INSERT INTO `bill` (`bill_id`,`isincome`,`money`,`date`,`remark`,`isdelete`,`isupdate`,`category_id`) VALUES ('785BFE628D4FC1F4','0','123','2015-12-31','浪费','0','0','4346650736606024')
ERR: 1062:Duplicate entry '785BFE628D4FC1F4' for key 'PRIMARY'
 [ SQL语句 ] : INSERT INTO `bill` (`bill_id`,`isincome`,`money`,`date`,`remark`,`isdelete`,`isupdate`,`category_id`) VALUES ('785BFE628D4FC1F4','0','123','2015-12-31','浪费','0','0','4346650736606024')

[ 2015-12-31T11:22:22+08:00 ] 10.7.10.32 /project/test/index.php/sync
SQL: SHOW COLUMNS FROM `bill` [ RunTime:0.0059s ]
ERR: 1062:Duplicate entry '785BFE628D4FC1F4' for key 'PRIMARY'
 [ SQL语句 ] : INSERT INTO `bill` (`bill_id`,`isincome`,`money`,`date`,`remark`,`isdelete`,`isupdate`,`category_id`) VALUES ('785BFE628D4FC1F4','0','123','2015-12-31','浪费','0','0','4346650736606024')
ERR: 1062:Duplicate entry '785BFE628D4FC1F4' for key 'PRIMARY'
 [ SQL语句 ] : INSERT INTO `bill` (`bill_id`,`isincome`,`money`,`date`,`remark`,`isdelete`,`isupdate`,`category_id`) VALUES ('785BFE628D4FC1F4','0','123','2015-12-31','浪费','0','0','4346650736606024')

[ 2015-12-31T11:22:53+08:00 ] 10.7.10.32 /project/test/index.php/sync
SQL: SHOW COLUMNS FROM `bill` [ RunTime:0.0040s ]
ERR: 1062:Duplicate entry '785BFE628D4FC1F4' for key 'PRIMARY'
 [ SQL语句 ] : INSERT INTO `bill` (`bill_id`,`isincome`,`money`,`date`,`remark`,`isdelete`,`isupdate`,`category_id`) VALUES ('785BFE628D4FC1F4','0','123','2015-12-31','浪费','0','0','4346650736606024')
ERR: 1062:Duplicate entry '785BFE628D4FC1F4' for key 'PRIMARY'
 [ SQL语句 ] : INSERT INTO `bill` (`bill_id`,`isincome`,`money`,`date`,`remark`,`isdelete`,`isupdate`,`category_id`) VALUES ('785BFE628D4FC1F4','0','123','2015-12-31','浪费','0','0','4346650736606024')

[ 2015-12-31T11:28:49+08:00 ] 10.7.10.32 /project/test/index.php/sync
SQL: SHOW COLUMNS FROM `bill` [ RunTime:0.0042s ]
SQL: INSERT INTO `bill` (`bill_id`,`isincome`,`money`,`date`,`remark`,`isdelete`,`isupdate`,`category_id`) VALUES ('785BFE628D4FC1F4','0','123','2015-12-31','浪费','0','0','4346650736606024') [ RunTime:0.1070s ]
SQL: INSERT INTO `bill` (`bill_id`,`isincome`,`money`,`date`,`remark`,`isdelete`,`isupdate`,`category_id`) VALUES ('601620CEBCB8BEB5','0','225','2015-12-31','修车','0','0','6077531621672236') [ RunTime:0.0879s ]

[ 2015-12-31T11:30:52+08:00 ] 10.7.10.32 /project/test/index.php/sync
SQL: SHOW COLUMNS FROM `bill` [ RunTime:0.0039s ]
ERR: 1062:Duplicate entry '785BFE628D4FC1F4' for key 'PRIMARY'
 [ SQL语句 ] : INSERT INTO `bill` (`bill_id`,`isincome`,`money`,`date`,`remark`,`isdelete`,`isupdate`,`category_id`) VALUES ('785BFE628D4FC1F4','0','123','2015-12-31','浪费','0','0','4346650736606024')
ERR: 1062:Duplicate entry '785BFE628D4FC1F4' for key 'PRIMARY'
 [ SQL语句 ] : INSERT INTO `bill` (`bill_id`,`isincome`,`money`,`date`,`remark`,`isdelete`,`isupdate`,`category_id`) VALUES ('785BFE628D4FC1F4','0','123','2015-12-31','浪费','0','0','4346650736606024')

[ 2015-12-31T11:31:13+08:00 ] 10.7.10.32 /project/test/index.php/sync
SQL: SHOW COLUMNS FROM `bill` [ RunTime:0.0044s ]
SQL: INSERT INTO `bill` (`bill_id`,`isincome`,`money`,`date`,`remark`,`isdelete`,`isupdate`,`category_id`) VALUES ('785BFE628D4FC1F4','0','123','2015-12-31','浪费','0','0','4346650736606024') [ RunTime:0.1170s ]
SQL: INSERT INTO `bill` (`bill_id`,`isincome`,`money`,`date`,`remark`,`isdelete`,`isupdate`,`category_id`) VALUES ('601620CEBCB8BEB5','0','225','2015-12-31','修车','0','0','6077531621672236') [ RunTime:0.1546s ]

