[ 2016-01-07T11:03:55+08:00 ] 10.7.10.34 /project/test/index.php/register
ERR: 1062:Duplicate entry '111111' for key 'username'
 [ SQL语句 ] : INSERT INTO `user` (`username`,`password`,`email`) VALUES ('111111','111','111@qq.com')
ERR: 1062:Duplicate entry '111111' for key 'username'
 [ SQL语句 ] : INSERT INTO `user` (`username`,`password`,`email`) VALUES ('111111','111','111@qq.com')

[ 2016-01-07T11:10:17+08:00 ] 10.7.10.34 /project/test/index.php/register
ERR: 1062:Duplicate entry '' for key 'username'
 [ SQL语句 ] : INSERT INTO `user` (`head_pic`) VALUES ('568dd719855be.png')
ERR: 1062:Duplicate entry '' for key 'username'
 [ SQL语句 ] : INSERT INTO `user` (`head_pic`) VALUES ('568dd719855be.png')

[ 2016-01-07T11:10:54+08:00 ] 10.7.10.34 /project/test/index.php/register
ERR: 1062:Duplicate entry '' for key 'username'
 [ SQL语句 ] : INSERT INTO `user` (`head_pic`) VALUES ('568dd73e28bb1.png')
ERR: 1062:Duplicate entry '' for key 'username'
 [ SQL语句 ] : INSERT INTO `user` (`head_pic`) VALUES ('568dd73e28bb1.png')

[ 2016-01-07T11:11:04+08:00 ] 10.7.10.34 /project/test/index.php/register
ERR: 1062:Duplicate entry 'yuijhgfd' for key 'username'
 [ SQL语句 ] : INSERT INTO `user` (`username`,`password`,`email`,`head_pic`) VALUES ('yuijhgfd','123','ee@qq.comp','')
ERR: 1062:Duplicate entry 'yuijhgfd' for key 'username'
 [ SQL语句 ] : INSERT INTO `user` (`username`,`password`,`email`,`head_pic`) VALUES ('yuijhgfd','123','ee@qq.comp','')

[ 2016-01-07T11:11:04+08:00 ] 10.7.10.34 /project/test/index.php/register
ERR: 1062:Duplicate entry '' for key 'username'
 [ SQL语句 ] : INSERT INTO `user` (`head_pic`) VALUES ('568dd74849f83.png')
ERR: 1062:Duplicate entry '' for key 'username'
 [ SQL语句 ] : INSERT INTO `user` (`head_pic`) VALUES ('568dd74849f83.png')

[ 2016-01-07T11:16:33+08:00 ] 10.7.10.34 /project/test/index.php/register
ERR: 1062:Duplicate entry '' for key 'username'
 [ SQL语句 ] : INSERT INTO `user` (`head_pic`) VALUES ('568dd891e8bc9.png')
ERR: 1062:Duplicate entry '' for key 'username'
 [ SQL语句 ] : INSERT INTO `user` (`head_pic`) VALUES ('568dd891e8bc9.png')

[ 2016-01-07T11:16:55+08:00 ] 10.7.10.34 /project/test/index.php/register
ERR: 1062:Duplicate entry '' for key 'username'
 [ SQL语句 ] : INSERT INTO `user` (`head_pic`) VALUES ('568dd8a766428.png')
ERR: 1062:Duplicate entry '' for key 'username'
 [ SQL语句 ] : INSERT INTO `user` (`head_pic`) VALUES ('568dd8a766428.png')

[ 2016-01-07T13:59:15+08:00 ] 10.7.10.34 /project/test/index.php/register
ERR: 1062:Duplicate entry '' for key 'username'
 [ SQL语句 ] : INSERT INTO `user` (`head_pic`) VALUES ('./ni.png')
ERR: 1062:Duplicate entry '' for key 'username'
 [ SQL语句 ] : INSERT INTO `user` (`head_pic`) VALUES ('./ni.png')

[ 2016-01-07T14:25:30+08:00 ] 10.7.10.34 /project/test/index.php/register
ERR: 1062:Duplicate entry '' for key 'username'
 [ SQL语句 ] : INSERT INTO `user` (`head_pic`) VALUES ('568e04da54366.png')
ERR: 1062:Duplicate entry '' for key 'username'
 [ SQL语句 ] : INSERT INTO `user` (`head_pic`) VALUES ('568e04da54366.png')

[ 2016-01-07T14:26:06+08:00 ] 10.7.10.34 /project/test/index.php/register
ERR: 1062:Duplicate entry '' for key 'username'
 [ SQL语句 ] : INSERT INTO `user` (`head_pic`) VALUES ('568e04fe8958c.png')
ERR: 1062:Duplicate entry '' for key 'username'
 [ SQL语句 ] : INSERT INTO `user` (`head_pic`) VALUES ('568e04fe8958c.png')

[ 2016-01-07T14:35:25+08:00 ] 10.7.10.34 /project/test/index.php/register
ERR: 1062:Duplicate entry '' for key 'username'
 [ SQL语句 ] : INSERT INTO `user` (`head_pic`) VALUES ('568e072d27599.png')
ERR: 1062:Duplicate entry '' for key 'username'
 [ SQL语句 ] : INSERT INTO `user` (`head_pic`) VALUES ('568e072d27599.png')

[ 2016-01-07T14:37:55+08:00 ] 10.7.10.34 /project/test/index.php/register
ERR: 1062:Duplicate entry '' for key 'username'
 [ SQL语句 ] : INSERT INTO `user` (`head_pic`) VALUES ('568e07c36f0d1.png')
ERR: 1062:Duplicate entry '' for key 'username'
 [ SQL语句 ] : INSERT INTO `user` (`head_pic`) VALUES ('568e07c36f0d1.png')

[ 2016-01-07T15:02:10+08:00 ] 10.7.10.34 /project/test/index.php/register
ERR: 1062:Duplicate entry '' for key 'username'
 [ SQL语句 ] : INSERT INTO `user` (`head_pic`) VALUES ('568e0d726434b.png')
ERR: 1062:Duplicate entry '' for key 'username'
 [ SQL语句 ] : INSERT INTO `user` (`head_pic`) VALUES ('568e0d726434b.png')

